<?xml version="1.0" encoding="UTF-8"?>
<testng-results ignored="0" total="5" passed="5" failed="0" skipped="0">
  <reporter-output>
  </reporter-output>
  <suite started-at="2023-09-10T15:09:26 IST" name="Default suite" finished-at="2023-09-10T15:09:47 IST" duration-ms="21571">
    <groups>
    </groups>
    <test started-at="2023-09-10T15:09:26 IST" name="Default test" finished-at="2023-09-10T15:09:47 IST" duration-ms="21571">
      <class name="MomUnitVar.MomUnitVar.CalculatorTest">
        <test-method is-config="true" signature="setup()[pri:0, instance:MomUnitVar.MomUnitVar.CalculatorTest@35dab4eb]" started-at="2023-09-10T15:09:26 IST" name="setup" finished-at="2023-09-10T15:09:29 IST" duration-ms="3515" status="PASS">
          <reporter-output>
          </reporter-output>
        </test-method> <!-- setup -->
        <test-method is-config="true" signature="Clear()[pri:0, instance:MomUnitVar.MomUnitVar.CalculatorTest@35dab4eb]" started-at="2023-09-10T15:09:29 IST" name="Clear" finished-at="2023-09-10T15:09:30 IST" duration-ms="707" status="PASS">
          <reporter-output>
          </reporter-output>
        </test-method> <!-- Clear -->
        <test-method signature="Addition()[pri:0, instance:MomUnitVar.MomUnitVar.CalculatorTest@35dab4eb]" started-at="2023-09-10T15:09:30 IST" name="Addition" finished-at="2023-09-10T15:09:32 IST" duration-ms="2014" status="PASS">
          <reporter-output>
          </reporter-output>
        </test-method> <!-- Addition -->
        <test-method is-config="true" signature="Clear()[pri:0, instance:MomUnitVar.MomUnitVar.CalculatorTest@35dab4eb]" started-at="2023-09-10T15:09:32 IST" name="Clear" finished-at="2023-09-10T15:09:33 IST" duration-ms="444" status="PASS">
          <reporter-output>
          </reporter-output>
        </test-method> <!-- Clear -->
        <test-method signature="Combination()[pri:0, instance:MomUnitVar.MomUnitVar.CalculatorTest@35dab4eb]" started-at="2023-09-10T15:09:33 IST" name="Combination" finished-at="2023-09-10T15:09:37 IST" duration-ms="4418" status="PASS">
          <reporter-output>
          </reporter-output>
        </test-method> <!-- Combination -->
        <test-method is-config="true" signature="Clear()[pri:0, instance:MomUnitVar.MomUnitVar.CalculatorTest@35dab4eb]" started-at="2023-09-10T15:09:37 IST" name="Clear" finished-at="2023-09-10T15:09:38 IST" duration-ms="572" status="PASS">
          <reporter-output>
          </reporter-output>
        </test-method> <!-- Clear -->
        <test-method signature="Division()[pri:0, instance:MomUnitVar.MomUnitVar.CalculatorTest@35dab4eb]" started-at="2023-09-10T15:09:38 IST" name="Division" finished-at="2023-09-10T15:09:42 IST" duration-ms="4645" status="PASS">
          <reporter-output>
          </reporter-output>
        </test-method> <!-- Division -->
        <test-method is-config="true" signature="Clear()[pri:0, instance:MomUnitVar.MomUnitVar.CalculatorTest@35dab4eb]" started-at="2023-09-10T15:09:42 IST" name="Clear" finished-at="2023-09-10T15:09:43 IST" duration-ms="505" status="PASS">
          <reporter-output>
          </reporter-output>
        </test-method> <!-- Clear -->
        <test-method signature="Multiplication()[pri:0, instance:MomUnitVar.MomUnitVar.CalculatorTest@35dab4eb]" started-at="2023-09-10T15:09:43 IST" name="Multiplication" finished-at="2023-09-10T15:09:45 IST" duration-ms="1993" status="PASS">
          <reporter-output>
          </reporter-output>
        </test-method> <!-- Multiplication -->
        <test-method is-config="true" signature="Clear()[pri:0, instance:MomUnitVar.MomUnitVar.CalculatorTest@35dab4eb]" started-at="2023-09-10T15:09:45 IST" name="Clear" finished-at="2023-09-10T15:09:45 IST" duration-ms="509" status="PASS">
          <reporter-output>
          </reporter-output>
        </test-method> <!-- Clear -->
        <test-method signature="Subtraction()[pri:0, instance:MomUnitVar.MomUnitVar.CalculatorTest@35dab4eb]" started-at="2023-09-10T15:09:45 IST" name="Subtraction" finished-at="2023-09-10T15:09:47 IST" duration-ms="2089" status="PASS">
          <reporter-output>
          </reporter-output>
        </test-method> <!-- Subtraction -->
        <test-method is-config="true" signature="TearDown()[pri:0, instance:MomUnitVar.MomUnitVar.CalculatorTest@35dab4eb]" started-at="2023-09-10T15:09:47 IST" name="TearDown" finished-at="2023-09-10T15:09:47 IST" duration-ms="91" status="PASS">
          <reporter-output>
          </reporter-output>
        </test-method> <!-- TearDown -->
      </class> <!-- MomUnitVar.MomUnitVar.CalculatorTest -->
    </test> <!-- Default test -->
  </suite> <!-- Default suite -->
</testng-results>
