<?xml version="1.0" encoding="UTF-8"?>
<!-- Generated by org.testng.reporters.JUnitXMLReporter -->
<testsuite ignored="0" hostname="IN3448516W1" failures="0" tests="5" name="Default test" time="21.571" errors="0" timestamp="2023-09-10T15:09:47 IST">
  <testcase classname="MomUnitVar.MomUnitVar.CalculatorTest" name="Addition" time="2.014"/>
  <testcase classname="MomUnitVar.MomUnitVar.CalculatorTest" name="Combination" time="4.418"/>
  <testcase classname="MomUnitVar.MomUnitVar.CalculatorTest" name="Division" time="4.645"/>
  <testcase classname="MomUnitVar.MomUnitVar.CalculatorTest" name="Multiplication" time="1.993"/>
  <testcase classname="MomUnitVar.MomUnitVar.CalculatorTest" name="Subtraction" time="2.089"/>
</testsuite> <!-- Default test -->
